
ROM used:   715/16384 (4%)
            715/16384 (4%) including unused fragments

            0.5 Average locations per line
            7.9 Average locations per statement

RAM used:   53/2048 (3%) at main() level
            76/2048 (4%) worst case

Stack used: 5 worst case (3 in main + 2 for interrupts)
Stack size: 16

Lines Stmts  %   Files
----- ----- ---  -----
   76    37  41  STARPIC.c
 1298     0   0  ..\..\..\..\..\..\Program Files (x86)\PICCDEMO\Devices\16F1789.h
  125    53  59  StartPIc_Funtions.c
----- -----
 1499    90 Total

Page ROM  %  RAM    Vol Diff  Functions:
---- --- --- ---    --- ----  ----------
0     22   3    1             @delay_ms1
0     38   5    1             @PUTCHAR_1_
0     17   2    0             @GETCH_BIU_2
0     33   5    6    114  3.8  SERIAL_ISR1
 Inline         0     13  1.0  RPic_Available
0     44   6    0    245  5.0  RPic_Read
0    112  16    5    514  5.8  CHECK_UART_INCOMING_FROM_RESET_PIC
 Inline         2             @PRINTF_X_837
0     28   4    0    123  2.0  TURN_OFF_ALL_POWER_LINES
0     13   2    0             @const872
0     74  10    3             @PSTRINGC7_837
0     42   6    0    214  2.2  TURN_ON_ALL_POWER_LINES
0     12   2    0             @const878
0     17   2    3     89  3.3  CLEAR_RPIC_TO_SPIC_ARRAY
0    160  22    1    953  5.7  MAIN
0     16   2    0             @const890
0     23   3    0             @const891
 Inline         0             @cinit1

Program metrics:
    Functions               8
    Statements              90
    Comments                203
    Volume (V)              3349
    Difficulty (D)          28.5
    Effort to implement (E) 95515
    Time to implement (T)   1 hours, 28 minutes
    Est Delivered Bugs (B)  1
    Cyclomatic Complexity   17
    Maintainability (MI)    150

 Segment     Used  Free
-----------  ----  ----
00000-00002     3  0  
00003-00003     0  1  
00004-00040    61  0  
00041-007FF   651  1332  
00800-00FFF     0  2048  
01000-017FF     0  2048  
01800-01FFF     0  2048  
02000-027FF     0  2048  
02800-02FFF     0  2048  
03000-037FF     0  2048  
03800-03FFF     0  2048  



