
ROM used:   8780/131056 (7%)
            8780/131056 (7%) including unused fragments

            3.0 Average locations per line
            13.4 Average locations per statement

RAM used:   268/3578 (7%) at main() level
            283/3578 (8%) worst case

Stack used: 4 worst case (2 in main + 2 for interrupts)
Stack size: 31

Lines Stmts  %   Files
----- ----- ---  -----
  128    62   9  ResetMain.c
 1489     0   0  ..\..\..\..\..\..\Program Files (x86)\PICCDEMO\Devices\18F67J94.h
  150     0   0  PIC18F67J94_REGISTERS.h
  238    72  11  ResetPIC_Functions.c
  329   203  31  ADC_Power_Lines_Control.c
  257   155  24  RPIC_MPIC.c
  154    88  13  RPIC_CPIC.c
   37     7   1  RPIC_STARTPIC.c
  117    68  10  RTC_fun.c
----- -----
 2899   655 Total

Page ROM  %  RAM    Vol Diff  Functions:
---- --- --- ---    --- ----  ----------
0     42   0    1             @delay_ms1
0     68   0    1    496  8.2  @PUTCHAR_1_
0      6   0    0     18  0.6  RST_EXT_WDT
0     12   0    0    351  7.0  @PUTCHARI_BIU_2
0     28   0    0    145  3.9  @GETCH_BIU_2
0     68   0    4    145  3.9  SERIAL_ISR3
0      6   0    0     13  1.0  MPic_Available
0     76   0    0    245  5.0  MPic_Read
0     14   0    0     27  1.0  MPic_flush
0     12   0    0    266  6.5  @PUTCHARI_BIU_3
0     28   0    0    145  3.9  @GETCH_BIU_3
0     68   0    4    145  3.9  SERIAL_ISR2
0      8   0    0     13  1.0  CPic_Available
0     76   0    0    245  5.0  CPic_Read
0      8   0    0    318  6.5  @PUTCHARI_BIU_4
0     22   0    0    114  3.8  @GETCH_BIU_4
0     64   0    4    114  3.8  SERIAL_ISR
0     22   0    0     25  1.2  printline
0     32   0    6    139  3.3  CLEAR_DATA_ARRAY
0     26   0    1    113  2.1  MP_CP_BuckBoost
0     42   0    1    204  2.7  MainPic_Power
0     42   0    1    204  2.7  ComPic_Power
0     78   0    1    404  2.8  _3V3Power_Line1
0     78   0    1    404  2.8  _3V3Power_Line2
0     78   0    1    404  2.8  _5V0Power_Line
0     42   0    1    204  2.7  Unreg1_Line
0     42   0    1    204  2.7  Unreg2_Line
0    490   3    3   1093  3.9  SYSTEM_RESET
0     28   0    0    955  5.4  @const1149
0     40   0    3    715  4.9  @PSTRINGC_1080
0     44   0    0    717  6.0  @const1155
0     48   0    4    315  5.8  @PSTRINGCN_1080
0     44   0    3    166  3.8  @DIV88
0    188   1    6    145  3.9  @PRINTF_D0_1080
0    494   3    2   1222  5.8  SYSTEM_RESET_24H
0     24   0    0    245  5.0  @const1165
0     42   0    0     27  1.0  @const1167
0    124   1    2             @PRINTF_U_1080
0     62   0    0    106  1.7  Measure_Raw_voltage
0     46   0    0     48  1.4  Measure_3V3_1_current
0     44   0    0     48  1.4  Measure_3V3_2_current
0     46   0    0     48  1.4  Measure_5V0_current
0     46   0    0     48  1.4  Measure_UNREG_1_current
0     46   0    0     48  1.4  Measure_UNREG_2_current
0    160   1    4    404  6.1  CHECK_UART_INCOMING_FROM_MAIN_PIC
0     74   0    2             @PRINTF_X_1080
0     84   0    2    183  3.8  PRINT_RECIVED_COMMAND_FROM_MAIN_PIC
0     28   0    0             @const1191
0    172   1    3    338  4.7  MONITOR_MAIN_PIC_90SEC_COMUNICATION
0     40   0    0    166  3.8  @const1196
0     40   0    0    458  2.9  @const1198
0     24   0    0             @const1199
0    366   2    4   2847  7.6  RESEPOND_TO_MPIC_90SEC_CMD
0     34   0    0             @const1201
0     28   0    0             @const1203
0    330   2    2    979  5.3  UPDATE_RTC_BY_MAIN_PIC_CMD
0     40   0    0     43  1.3  @const1207
0     22   0    0             @const1209
0    210   1    2    775  5.7  POWER_LINE_CONTROL_USING_MAIN_PIC_CMD
0     52   0    0             @const1217
0     98   1    2    353  5.0  RESET_SATELLITE_CMD
0     48   0    0             @const1220
0    252   1    4    707  5.4  TURN_ON_UNREG_2_LINE_FOR_ANT_DEPLOYMENT
0     38   0    0             @const1223
0     30   0    0    154  2.5  @const1226
0     38   0    0             @const1228
0     30   0    0             @const1229
0    112   1    4    315  5.8  CHECK_UART_INCOMING_FROM_COM_PIC
0     86   0    2    183  3.8  PRINT_RECIVED_COMMAND_FROM_COM_PIC
0     26   0    0             @const1234
0    140   1    3    262  4.6  MONITOR_COM_PIC_90SEC_COMUNICATION
0     38   0    0             @const1240
0    130   1    2    628  5.2  RESEPOND_TO_CPIC_90SEC_CMD
0     34   0    0             @const1242
0    344   2    2   1010  5.3  UPDATE_RTC_BY_COM_PIC_CMD
0     54   0    0     69  1.9  @const1245
0     22   0    0    165  4.4  @const1247
0    130   1    2    628  5.2  SENDING_TIME_TO_COMPIC
0     26   0    0    700  4.9  @const1255
0     56   0    0    163  1.8  INFORM_WORKING_TO_START_PIC
0     28   0    6    200  3.0  Set_RTC
0    192   1    1   1227  6.3  RTC_Function
0    406   2    1    547  2.8  PRINT_POWER_LINE_STATUS
0    188   1    6    138  3.3  @PRINTF_D_1080
0    280   2    0    589  3.4  Print_RTC
0      4   0    0     74  1.2  @const1279
0    252   1    9     31  1.1  @PRINTF_LD_1080
0     28   0    0     52  1.4  TIMER1_ISR
0    182   1    0    620  2.8  settings
0     30   0    0     31  1.1  @const1295
0    514   3    2    901  6.3  MAIN
0     72   0    5     54  1.3  @DIV1616
 Inline         0     54  1.3  @cinit1

Program metrics:
    Functions               77
    Statements              655
    Comments                473
    Volume (V)              54608
    Difficulty (D)          289.6
    Effort to implement (E) 15813420
    Time to implement (T)   244 hours, 2 minutes
    Est Delivered Bugs (B)  21
    Cyclomatic Complexity   119
    Maintainability (MI)    70

 Segment     Used  Free
-----------  ----  ----
00000-00004     6  0  
00006-00006     0  2  
00008-000E0   218  0  
000E2-0FFFE  8556  56754  
10000-1FFEE     0  65520  



